<component name="libraryTable">
  <library name="junit" type="repository">
    <properties maven-id="junit:junit:4.0">
      <exclude>
        <dependency maven-id="junit:junit" />
      </exclude>
    </properties>
    <CLASSES />
    <JAVADOC />
    <SOURCES />
  </library>
</component>